<?xml version="1.0" encoding="UTF-8" ?>
<testsuite failures="0" time="0.334" errors="0" skipped="0" tests="1" name="com.chcui.test.XmlToJsonConverterTest">
  <properties>
    <property name="java.runtime.name" value="Java(TM) SE Runtime Environment"/>
    <property name="sun.boot.library.path" value="C:\Program Files\Java\jre6\bin"/>
    <property name="java.vm.version" value="20.10-b01"/>
    <property name="java.vm.vendor" value="Sun Microsystems Inc."/>
    <property name="java.vendor.url" value="http://java.sun.com/"/>
    <property name="path.separator" value=";"/>
    <property name="guice.disable.misplaced.annotation.check" value="true"/>
    <property name="java.vm.name" value="Java HotSpot(TM) 64-Bit Server VM"/>
    <property name="file.encoding.pkg" value="sun.io"/>
    <property name="user.country" value="US"/>
    <property name="sun.java.launcher" value="SUN_STANDARD"/>
    <property name="sun.os.patch.level" value="Service Pack 1"/>
    <property name="java.vm.specification.name" value="Java Virtual Machine Specification"/>
    <property name="user.dir" value="C:\github\workspace\xmlToJsonConverter"/>
    <property name="java.runtime.version" value="1.6.0_35-b10"/>
    <property name="java.awt.graphicsenv" value="sun.awt.Win32GraphicsEnvironment"/>
    <property name="java.endorsed.dirs" value="C:\Program Files\Java\jre6\lib\endorsed"/>
    <property name="os.arch" value="amd64"/>
    <property name="java.io.tmpdir" value="C:\Users\Chrissie\AppData\Local\Temp\"/>
    <property name="line.separator" value="
"/>
    <property name="java.vm.specification.vendor" value="Sun Microsystems Inc."/>
    <property name="user.variant" value=""/>
    <property name="os.name" value="Windows 7"/>
    <property name="classworlds.conf" value="C:\github\workspace\.metadata\.plugins\org.eclipse.m2e.core\launches\m2conf4307864564283855380.tmp"/>
    <property name="sun.jnu.encoding" value="GBK"/>
    <property name="java.library.path" value="C:\Program Files\Java\jre6\bin;C:\windows\Sun\Java\bin;C:\windows\system32;C:\windows;C:\Perl64\site\bin;C:\Perl64\bin;C:\Program Files (x86)\NVIDIA Corporation\PhysX\Common;C:\Program Files\Common Files\microsoft shared\windows live;c:\program files (x86)\miktex 2.9\miktex\bin;c:\program files (x86)\nvidia gpu computing toolkit\cuda\v3.2\bin\;c:\program files\nvidia gpu computing toolkit\cuda\v3.2\bin\;C:\windows\system32;C:\windows;C:\windows\system32\wbem;C:\windows\system32\windowspowershell\v1.0\;c:\program files\lenovo\bluetooth software\;c:\program files\lenovo\bluetooth software\syswow64;c:\programdata\nvidia corporation\nvidia gpu computing sdk 3.2\c\common\bin;c:\program files (x86)\java\jdk1.6.0_22\jre\bin;c:\program files (x86)\java\jre6\bin;c:\program files (x86)\java\jdk1.6.0_22\bin;c:\program files (x86)\cmake 2.8\bin;c:\program files (x86)\doxygen\bin;c:\program files (x86)\graphviz2.26.3\bin;c:\program files (x86)\microsoft sql server\100\tools\binn\;c:\program files\microsoft sql server\100\tools\binn\;c:\program files\microsoft sql server\100\dts\binn\;c:\opencv2.2\bin;c:\programdata\nvidia corporation\nvidia gpu computing sdk 3.2\c\common\bin;c:\program files (x86)\microsoft sql server\90\tools\binn\;c:\program files (x86)\nvidia corporation\cg\bin;c:\program files (x86)\nvidia corporation\cg\bin.x64;c:\users\chrissie\appdata\local\nvidia corporation\nvidia gpu computing sdk 4.0\c\common\bin;C:\Program Files (x86)\MATLAB71\bin\win32;C:\Program Files (x86)\Git\cmd;C:\Program Files\Perforce;C:\mongodb-2.2.3\bin;C:\Program Files (x86)\QuickTime\QTSystem\;C:\Program Files (x86)\Android\android-sdk-windows\tools\;C:\Program Files (x86)\Android\android-sdk-windows\platform-tools;C:\gradle-1.7\bin;C:\Program Files (x86)\VisualSVN\bin;C:\Program Files\TortoiseSVN\bin;C:\Program Files\doxygen\bin;C:\Program Files (x86)\Bazaar;C:\RailsInstaller\Git\cmd;C:\RailsInstaller\Ruby1.9.2\bin;C:\Program Files\Common Files\Microsoft Shared\Windows Live;C:\NVPACK\android-sdk-windows\tools;C:\NVPACK\jdk1.6.0_24\bin;C:\NVPACK\apache-ant-1.8.2\bin;C:\Program Files (x86)\SSH Communications Security\SSH Secure Shell;C:\Program Files\Perforce\Server;."/>
    <property name="java.specification.name" value="Java Platform API Specification"/>
    <property name="java.class.version" value="50.0"/>
    <property name="sun.management.compiler" value="HotSpot 64-Bit Tiered Compilers"/>
    <property name="os.version" value="6.1"/>
    <property name="user.home" value="C:\Users\Chrissie"/>
    <property name="user.timezone" value="America/New_York"/>
    <property name="java.awt.printerjob" value="sun.awt.windows.WPrinterJob"/>
    <property name="file.encoding" value="Cp1252"/>
    <property name="java.specification.version" value="1.6"/>
    <property name="user.name" value="Chrissie"/>
    <property name="java.class.path" value="C:\apache-maven-3.0.4\boot\plexus-classworlds-2.4.jar"/>
    <property name="java.vm.specification.version" value="1.0"/>
    <property name="sun.arch.data.model" value="64"/>
    <property name="java.home" value="C:\Program Files\Java\jre6"/>
    <property name="sun.java.command" value="org.codehaus.plexus.classworlds.launcher.Launcher -B install"/>
    <property name="java.specification.vendor" value="Sun Microsystems Inc."/>
    <property name="user.language" value="en"/>
    <property name="awt.toolkit" value="sun.awt.windows.WToolkit"/>
    <property name="java.vm.info" value="mixed mode"/>
    <property name="java.version" value="1.6.0_35"/>
    <property name="java.ext.dirs" value="C:\Program Files\Java\jre6\lib\ext;C:\windows\Sun\Java\lib\ext"/>
    <property name="sun.boot.class.path" value="C:\Program Files\Java\jre6\lib\resources.jar;C:\Program Files\Java\jre6\lib\rt.jar;C:\Program Files\Java\jre6\lib\sunrsasign.jar;C:\Program Files\Java\jre6\lib\jsse.jar;C:\Program Files\Java\jre6\lib\jce.jar;C:\Program Files\Java\jre6\lib\charsets.jar;C:\Program Files\Java\jre6\lib\modules\jdk.boot.jar;C:\Program Files\Java\jre6\classes"/>
    <property name="java.vendor" value="Sun Microsystems Inc."/>
    <property name="maven.home" value="C:\apache-maven-3.0.4"/>
    <property name="file.separator" value="\"/>
    <property name="java.vendor.url.bug" value="http://java.sun.com/cgi-bin/bugreport.cgi"/>
    <property name="sun.cpu.endian" value="little"/>
    <property name="sun.io.unicode.encoding" value="UnicodeLittle"/>
    <property name="sun.desktop" value="windows"/>
    <property name="sun.cpu.isalist" value="amd64"/>
  </properties>
  <testcase time="0.004" classname="com.chcui.test.XmlToJsonConverterTest" name="validAuthenticationTest"/>
</testsuite>