<?xml version="1.0" encoding="UTF-8"?>
<!-- Generated by org.testng.reporters.JUnitReportReporter -->
<testsuite hostname="ChiSmart" name="com.chcui.test.XmlToJsonConverterTest" tests="1" failures="0" timestamp="21 Dec 2013 04:11:47 GMT" time="0.005" errors="0">
  <testcase name="validAuthenticationTest" time="0.005" classname="com.chcui.test.XmlToJsonConverterTest"/>
</testsuite>
